build/app/intermediates/manifest_merge_blame_file/release/manifest-merger-blame-release-report.txt
1<?xml version="1.0" encoding="utf-8"?>
2<manifest xmlns:android="http://schemas.android.com/apk/res/android"
3    package="com.teletype.truckchat"
4    android:versionCode="56"
5    android:versionName="3.0.0" >
6
7    <uses-sdk
8        android:minSdkVersion="21"
8-->src/main/AndroidManifest.xml
9        android:targetSdkVersion="33" />
9-->src/main/AndroidManifest.xml
10
11    <uses-permission android:name="android.permission.INTERNET" />
11-->src/main/AndroidManifest.xml:3:1-63
11-->src/main/AndroidManifest.xml:3:18-60
12    <uses-permission android:name="android.permission.VIBRATE" />
12-->src/main/AndroidManifest.xml:4:1-62
12-->src/main/AndroidManifest.xml:4:18-59
13    <uses-permission android:name="android.permission.FOREGROUND_SERVICE" />
13-->src/main/AndroidManifest.xml:5:1-73
13-->src/main/AndroidManifest.xml:5:18-70
14    <uses-permission android:name="android.permission.RECORD_AUDIO" />
14-->src/main/AndroidManifest.xml:6:5-71
14-->src/main/AndroidManifest.xml:6:22-68
15    <uses-permission android:name="android.permission.CAMERA" />
15-->src/main/AndroidManifest.xml:7:1-61
15-->src/main/AndroidManifest.xml:7:18-58
16    <uses-permission android:name="android.permission.WRITE_EXTERNAL_STORAGE" />
16-->src/main/AndroidManifest.xml:8:1-77
16-->src/main/AndroidManifest.xml:8:18-74
17    <uses-permission android:name="android.permission.READ_EXTERNAL_STORAGE" />
17-->src/main/AndroidManifest.xml:9:1-76
17-->src/main/AndroidManifest.xml:9:18-73
18    <uses-permission android:name="android.permission.ACCESS_COARSE_LOCATION" />
18-->src/main/AndroidManifest.xml:10:1-77
18-->src/main/AndroidManifest.xml:10:18-74
19    <uses-permission android:name="android.permission.WAKE_LOCK" />
19-->[:firebase_messaging] AndroidManifest.xml:10:5-68
19-->[:firebase_messaging] AndroidManifest.xml:10:22-65
20    <uses-permission android:name="android.permission.ACCESS_NETWORK_STATE" /> <!-- Permissions options for the `notification` group -->
20-->[:firebase_messaging] AndroidManifest.xml:11:5-79
20-->[:firebase_messaging] AndroidManifest.xml:11:22-76
21    <uses-permission android:name="android.permission.POST_NOTIFICATIONS" />
21-->[:firebase_messaging] AndroidManifest.xml:13:5-77
21-->[:firebase_messaging] AndroidManifest.xml:13:22-74
22    <uses-permission android:name="android.permission.BLUETOOTH_CONNECT" />
22-->[:speech_to_text] AndroidManifest.xml:9:5-76
22-->[:speech_to_text] AndroidManifest.xml:9:22-73
23    <uses-permission android:name="android.permission.RECEIVE_BOOT_COMPLETED" />
23-->[:flutter_local_notifications] AndroidManifest.xml:9:5-81
23-->[:flutter_local_notifications] AndroidManifest.xml:9:22-78
24    <uses-permission android:name="android.permission.USE_FULL_SCREEN_INTENT" />
24-->[:flutter_local_notifications] AndroidManifest.xml:11:5-81
24-->[:flutter_local_notifications] AndroidManifest.xml:11:22-78
25    <uses-permission android:name="android.permission.SCHEDULE_EXACT_ALARM" />
25-->[:flutter_local_notifications] AndroidManifest.xml:12:5-79
25-->[:flutter_local_notifications] AndroidManifest.xml:12:22-76
26
27    <queries>
27-->[:flutter_inappwebview] AndroidManifest.xml:9:5-13:15
28        <intent>
28-->[:flutter_inappwebview] AndroidManifest.xml:10:9-12:18
29            <action android:name="android.support.customtabs.action.CustomTabsService" />
29-->[:flutter_inappwebview] AndroidManifest.xml:11:13-90
29-->[:flutter_inappwebview] AndroidManifest.xml:11:21-87
30        </intent>
31        <!-- For browser content -->
32        <intent>
32-->[com.google.android.gms:play-services-ads-lite:22.0.0] AndroidManifest.xml:35:9-41:18
33            <action android:name="android.intent.action.VIEW" />
33-->[com.google.firebase:firebase-auth:22.1.0] AndroidManifest.xml:36:17-69
33-->[com.google.firebase:firebase-auth:22.1.0] AndroidManifest.xml:36:25-66
34
35            <category android:name="android.intent.category.BROWSABLE" />
35-->[com.google.firebase:firebase-auth:22.1.0] AndroidManifest.xml:39:17-78
35-->[com.google.firebase:firebase-auth:22.1.0] AndroidManifest.xml:39:27-75
36
37            <data android:scheme="https" />
37-->[com.google.firebase:firebase-auth:22.1.0] AndroidManifest.xml:41:17-44:51
37-->[com.google.firebase:firebase-auth:22.1.0] AndroidManifest.xml:44:21-48
38        </intent>
39    </queries> <!-- Required by older versions of Google Play services to create IID tokens -->
40    <uses-permission android:name="com.google.android.c2dm.permission.RECEIVE" />
40-->[com.google.firebase:firebase-iid:21.1.0] AndroidManifest.xml:26:5-82
40-->[com.google.firebase:firebase-iid:21.1.0] AndroidManifest.xml:26:22-79
41    <uses-permission android:name="com.google.android.gms.permission.AD_ID" />
41-->[com.google.android.gms:play-services-measurement-api:21.3.0] AndroidManifest.xml:25:5-79
41-->[com.google.android.gms:play-services-measurement-api:21.3.0] AndroidManifest.xml:25:22-76
42    <uses-permission android:name="com.google.android.finsky.permission.BIND_GET_INSTALL_REFERRER_SERVICE" />
42-->[com.google.android.gms:play-services-measurement:21.3.0] AndroidManifest.xml:26:5-110
42-->[com.google.android.gms:play-services-measurement:21.3.0] AndroidManifest.xml:26:22-107
43
44    <permission
44-->[androidx.core:core:1.10.1] AndroidManifest.xml:22:5-24:47
45        android:name="com.teletype.truckchat.DYNAMIC_RECEIVER_NOT_EXPORTED_PERMISSION"
45-->[androidx.core:core:1.10.1] AndroidManifest.xml:23:9-81
46        android:protectionLevel="signature" />
46-->[androidx.core:core:1.10.1] AndroidManifest.xml:24:9-44
47
48    <uses-permission android:name="com.teletype.truckchat.DYNAMIC_RECEIVER_NOT_EXPORTED_PERMISSION" />
48-->[androidx.core:core:1.10.1] AndroidManifest.xml:26:5-97
48-->[androidx.core:core:1.10.1] AndroidManifest.xml:26:22-94
49    <!--
50 <uses-permission android:name="android.permission.BLUETOOTH" />
51    <uses-permission android:name="android.permission.BLUETOOTH_ADMIN" />
52    <uses-permission android:name="android.permission.BLUETOOTH_CONNECT" />
53    -->
54    <application
55        android:name="android.app.Application"
55-->src/main/AndroidManifest.xml:17:9-42
56        android:appComponentFactory="androidx.core.app.CoreComponentFactory"
56-->[androidx.core:core:1.10.1] AndroidManifest.xml:28:18-86
57        android:icon="@mipmap/ic_launcher"
57-->src/main/AndroidManifest.xml:21:9-43
58        android:label="Truck Chat"
58-->src/main/AndroidManifest.xml:16:9-35
59        android:requestLegacyExternalStorage="true"
59-->src/main/AndroidManifest.xml:19:11-54
60        android:usesCleartextTraffic="true" >
60-->src/main/AndroidManifest.xml:18:9-44
61        <activity
61-->src/main/AndroidManifest.xml:22:9-46:20
62            android:name="com.teletype.truckchat.MainActivity"
62-->src/main/AndroidManifest.xml:23:13-41
63            android:configChanges="orientation|keyboardHidden|keyboard|screenSize|smallestScreenSize|locale|layoutDirection|fontScale|screenLayout|density|uiMode"
63-->src/main/AndroidManifest.xml:27:13-163
64            android:exported="true"
64-->src/main/AndroidManifest.xml:24:13-36
65            android:hardwareAccelerated="true"
65-->src/main/AndroidManifest.xml:28:13-47
66            android:launchMode="singleTop"
66-->src/main/AndroidManifest.xml:25:13-43
67            android:theme="@style/LaunchTheme"
67-->src/main/AndroidManifest.xml:26:13-47
68            android:windowSoftInputMode="adjustResize" >
68-->src/main/AndroidManifest.xml:29:13-55
69
70            <!--
71                 Specifies an Android theme to apply to this Activity as soon as
72                 the Android process has started. This theme is visible to the user
73                 while the Flutter UI initializes. After that, this theme continues
74                 to determine the Window background behind the Flutter UI.
75            -->
76            <meta-data
76-->src/main/AndroidManifest.xml:34:13-37:17
77                android:name="io.flutter.embedding.android.NormalTheme"
77-->src/main/AndroidManifest.xml:35:15-70
78                android:resource="@style/NormalTheme" />
78-->src/main/AndroidManifest.xml:36:15-52
79
80            <intent-filter>
80-->src/main/AndroidManifest.xml:38:13-41:29
81                <action android:name="android.intent.action.MAIN" />
81-->src/main/AndroidManifest.xml:39:17-68
81-->src/main/AndroidManifest.xml:39:25-66
82
83                <category android:name="android.intent.category.LAUNCHER" />
83-->src/main/AndroidManifest.xml:40:17-76
83-->src/main/AndroidManifest.xml:40:27-74
84            </intent-filter>
85            <intent-filter>
85-->src/main/AndroidManifest.xml:42:16-45:29
86                <action android:name="FLUTTER_NOTIFICATION_CLICK" />
86-->src/main/AndroidManifest.xml:43:17-69
86-->src/main/AndroidManifest.xml:43:25-66
87
88                <category android:name="android.intent.category.DEFAULT" />
88-->src/main/AndroidManifest.xml:44:17-76
88-->src/main/AndroidManifest.xml:44:27-73
89            </intent-filter>
90        </activity>
91        <!--
92            <meta-data
93           android:name="com.dexterous.flutterlocalnotifications.smallIcon"
94           android:resource="@drawable/app_icon_foreground" />
95        -->
96        <meta-data
96-->src/main/AndroidManifest.xml:50:12-52:46
97            android:name="com.google.firebase.messaging.default_notification_icon"
97-->src/main/AndroidManifest.xml:51:5-75
98            android:resource="@mipmap/ic_launcher" />
98-->src/main/AndroidManifest.xml:52:5-43
99
100        <!--
101             Don't delete the meta-data below.
102             This is used by the Flutter tool to generate GeneratedPluginRegistrant.java
103        -->
104        <meta-data
104-->src/main/AndroidManifest.xml:56:9-58:33
105            android:name="flutterEmbedding"
105-->src/main/AndroidManifest.xml:57:13-44
106            android:value="2" />
106-->src/main/AndroidManifest.xml:58:13-30
107        <meta-data
107-->src/main/AndroidManifest.xml:60:14-62:63
108            android:name="com.google.android.gms.ads.APPLICATION_ID"
108-->src/main/AndroidManifest.xml:61:7-63
109            android:value="ca-app-pub-7181343877669077~4700650074" />
109-->src/main/AndroidManifest.xml:62:7-61
110        <meta-data
110-->src/main/AndroidManifest.xml:63:1-65:45
111            android:name="com.google.firebase.messaging.default_notification_channel_id"
111-->src/main/AndroidManifest.xml:64:3-79
112            android:value="tone_and_vibrate_channel" />
112-->src/main/AndroidManifest.xml:65:3-43
113
114        <!-- ca-app-pub-7181343877669077~4700650074 -->
115        <!-- ca-app-pub-3940256099942544~3347511713 -->
116
117
118        <!-- ca-app-pub-7181343877669077~7476370948 -->
119
120
121        <!-- working app id ca-app-pub-7181343877669077~1517092948 -->
122
123        <service
123-->[:firebase_database] AndroidManifest.xml:10:9-14:19
124            android:name="com.google.firebase.components.ComponentDiscoveryService"
124-->[:firebase_database] AndroidManifest.xml:10:18-89
125            android:directBootAware="true"
125-->[com.google.firebase:firebase-common:20.3.3] AndroidManifest.xml:34:13-43
126            android:exported="false" >
126-->[com.google.firebase:firebase-analytics-ktx:21.3.0] AndroidManifest.xml:10:13-37
127            <meta-data
127-->[:firebase_database] AndroidManifest.xml:11:13-13:85
128                android:name="com.google.firebase.components:io.flutter.plugins.firebase.database.FlutterFirebaseAppRegistrar"
128-->[:firebase_database] AndroidManifest.xml:12:17-127
129                android:value="com.google.firebase.components.ComponentRegistrar" />
129-->[:firebase_database] AndroidManifest.xml:13:17-82
130            <meta-data
130-->[:cloud_firestore] AndroidManifest.xml:11:13-13:85
131                android:name="com.google.firebase.components:io.flutter.plugins.firebase.firestore.FlutterFirebaseFirestoreRegistrar"
131-->[:cloud_firestore] AndroidManifest.xml:12:17-134
132                android:value="com.google.firebase.components.ComponentRegistrar" />
132-->[:cloud_firestore] AndroidManifest.xml:13:17-82
133            <meta-data
133-->[:firebase_auth] AndroidManifest.xml:11:13-13:85
134                android:name="com.google.firebase.components:io.flutter.plugins.firebase.auth.FlutterFirebaseAuthRegistrar"
134-->[:firebase_auth] AndroidManifest.xml:12:17-124
135                android:value="com.google.firebase.components.ComponentRegistrar" />
135-->[:firebase_auth] AndroidManifest.xml:13:17-82
136            <meta-data
136-->[:firebase_storage] AndroidManifest.xml:11:13-13:85
137                android:name="com.google.firebase.components:io.flutter.plugins.firebase.storage.FlutterFirebaseAppRegistrar"
137-->[:firebase_storage] AndroidManifest.xml:12:17-126
138                android:value="com.google.firebase.components.ComponentRegistrar" />
138-->[:firebase_storage] AndroidManifest.xml:13:17-82
139            <meta-data
139-->[:firebase_messaging] AndroidManifest.xml:38:13-40:85
140                android:name="com.google.firebase.components:io.flutter.plugins.firebase.messaging.FlutterFirebaseAppRegistrar"
140-->[:firebase_messaging] AndroidManifest.xml:39:17-128
141                android:value="com.google.firebase.components.ComponentRegistrar" />
141-->[:firebase_messaging] AndroidManifest.xml:40:17-82
142            <meta-data
142-->[:firebase_core] AndroidManifest.xml:11:13-13:85
143                android:name="com.google.firebase.components:io.flutter.plugins.firebase.core.FlutterFirebaseCoreRegistrar"
143-->[:firebase_core] AndroidManifest.xml:12:17-124
144                android:value="com.google.firebase.components.ComponentRegistrar" />
144-->[:firebase_core] AndroidManifest.xml:13:17-82
145            <meta-data
145-->[com.google.firebase:firebase-analytics-ktx:21.3.0] AndroidManifest.xml:11:13-13:85
146                android:name="com.google.firebase.components:com.google.firebase.analytics.ktx.FirebaseAnalyticsKtxRegistrar"
146-->[com.google.firebase:firebase-analytics-ktx:21.3.0] AndroidManifest.xml:12:17-126
147                android:value="com.google.firebase.components.ComponentRegistrar" />
147-->[com.google.firebase:firebase-analytics-ktx:21.3.0] AndroidManifest.xml:13:17-82
148            <meta-data
148-->[com.google.firebase:firebase-common-ktx:20.3.3] AndroidManifest.xml:14:13-16:85
149                android:name="com.google.firebase.components:com.google.firebase.ktx.FirebaseCommonKtxRegistrar"
149-->[com.google.firebase:firebase-common-ktx:20.3.3] AndroidManifest.xml:15:17-113
150                android:value="com.google.firebase.components.ComponentRegistrar" />
150-->[com.google.firebase:firebase-common-ktx:20.3.3] AndroidManifest.xml:16:17-82
151            <meta-data
151-->[com.google.firebase:firebase-auth:22.1.0] AndroidManifest.xml:69:13-71:85
152                android:name="com.google.firebase.components:com.google.firebase.auth.FirebaseAuthRegistrar"
152-->[com.google.firebase:firebase-auth:22.1.0] AndroidManifest.xml:70:17-109
153                android:value="com.google.firebase.components.ComponentRegistrar" />
153-->[com.google.firebase:firebase-auth:22.1.0] AndroidManifest.xml:71:17-82
154            <meta-data
154-->[com.google.firebase:firebase-database:20.2.2] AndroidManifest.xml:31:13-33:85
155                android:name="com.google.firebase.components:com.google.firebase.database.DatabaseRegistrar"
155-->[com.google.firebase:firebase-database:20.2.2] AndroidManifest.xml:32:17-109
156                android:value="com.google.firebase.components.ComponentRegistrar" />
156-->[com.google.firebase:firebase-database:20.2.2] AndroidManifest.xml:33:17-82
157            <meta-data
157-->[com.google.firebase:firebase-firestore:24.7.0] AndroidManifest.xml:19:13-21:85
158                android:name="com.google.firebase.components:com.google.firebase.firestore.FirestoreRegistrar"
158-->[com.google.firebase:firebase-firestore:24.7.0] AndroidManifest.xml:20:17-111
159                android:value="com.google.firebase.components.ComponentRegistrar" />
159-->[com.google.firebase:firebase-firestore:24.7.0] AndroidManifest.xml:21:17-82
160            <meta-data
160-->[com.google.firebase:firebase-storage:20.2.1] AndroidManifest.xml:32:13-34:85
161                android:name="com.google.firebase.components:com.google.firebase.storage.StorageRegistrar"
161-->[com.google.firebase:firebase-storage:20.2.1] AndroidManifest.xml:33:17-107
162                android:value="com.google.firebase.components.ComponentRegistrar" />
162-->[com.google.firebase:firebase-storage:20.2.1] AndroidManifest.xml:34:17-82
163            <meta-data
163-->[com.google.firebase:firebase-iid:21.1.0] AndroidManifest.xml:32:13-34:85
164                android:name="com.google.firebase.components:com.google.firebase.iid.Registrar"
164-->[com.google.firebase:firebase-iid:21.1.0] AndroidManifest.xml:33:17-96
165                android:value="com.google.firebase.components.ComponentRegistrar" />
165-->[com.google.firebase:firebase-iid:21.1.0] AndroidManifest.xml:34:17-82
166            <meta-data
166-->[com.google.firebase:firebase-messaging:23.2.0] AndroidManifest.xml:55:13-57:85
167                android:name="com.google.firebase.components:com.google.firebase.messaging.FirebaseMessagingRegistrar"
167-->[com.google.firebase:firebase-messaging:23.2.0] AndroidManifest.xml:56:17-119
168                android:value="com.google.firebase.components.ComponentRegistrar" />
168-->[com.google.firebase:firebase-messaging:23.2.0] AndroidManifest.xml:57:17-82
169            <meta-data
169-->[com.google.android.gms:play-services-measurement-api:21.3.0] AndroidManifest.xml:31:13-33:85
170                android:name="com.google.firebase.components:com.google.firebase.analytics.connector.internal.AnalyticsConnectorRegistrar"
170-->[com.google.android.gms:play-services-measurement-api:21.3.0] AndroidManifest.xml:32:17-139
171                android:value="com.google.firebase.components.ComponentRegistrar" />
171-->[com.google.android.gms:play-services-measurement-api:21.3.0] AndroidManifest.xml:33:17-82
172            <meta-data
172-->[com.google.firebase:firebase-installations:17.1.3] AndroidManifest.xml:17:13-19:85
173                android:name="com.google.firebase.components:com.google.firebase.installations.FirebaseInstallationsRegistrar"
173-->[com.google.firebase:firebase-installations:17.1.3] AndroidManifest.xml:18:17-127
174                android:value="com.google.firebase.components.ComponentRegistrar" />
174-->[com.google.firebase:firebase-installations:17.1.3] AndroidManifest.xml:19:17-82
175            <meta-data
175-->[com.google.firebase:firebase-datatransport:18.1.7] AndroidManifest.xml:27:13-29:85
176                android:name="com.google.firebase.components:com.google.firebase.datatransport.TransportRegistrar"
176-->[com.google.firebase:firebase-datatransport:18.1.7] AndroidManifest.xml:28:17-115
177                android:value="com.google.firebase.components.ComponentRegistrar" />
177-->[com.google.firebase:firebase-datatransport:18.1.7] AndroidManifest.xml:29:17-82
178        </service>
179        <service
179-->[:firebase_messaging] AndroidManifest.xml:16:9-19:72
180            android:name="io.flutter.plugins.firebase.messaging.FlutterFirebaseMessagingBackgroundService"
180-->[:firebase_messaging] AndroidManifest.xml:17:13-107
181            android:exported="false"
181-->[:firebase_messaging] AndroidManifest.xml:18:13-37
182            android:permission="android.permission.BIND_JOB_SERVICE" />
182-->[:firebase_messaging] AndroidManifest.xml:19:13-69
183        <service
183-->[:firebase_messaging] AndroidManifest.xml:20:9-26:19
184            android:name="io.flutter.plugins.firebase.messaging.FlutterFirebaseMessagingService"
184-->[:firebase_messaging] AndroidManifest.xml:21:13-97
185            android:exported="false" >
185-->[:firebase_messaging] AndroidManifest.xml:22:13-37
186            <intent-filter>
186-->[:firebase_messaging] AndroidManifest.xml:23:13-25:29
187                <action android:name="com.google.firebase.MESSAGING_EVENT" />
187-->[:firebase_messaging] AndroidManifest.xml:24:17-78
187-->[:firebase_messaging] AndroidManifest.xml:24:25-75
188            </intent-filter>
189        </service>
190
191        <receiver
191-->[:firebase_messaging] AndroidManifest.xml:28:9-35:20
192            android:name="io.flutter.plugins.firebase.messaging.FlutterFirebaseMessagingReceiver"
192-->[:firebase_messaging] AndroidManifest.xml:29:13-98
193            android:exported="true"
193-->[:firebase_messaging] AndroidManifest.xml:30:13-36
194            android:permission="com.google.android.c2dm.permission.SEND" >
194-->[:firebase_messaging] AndroidManifest.xml:31:13-73
195            <intent-filter>
195-->[:firebase_messaging] AndroidManifest.xml:32:13-34:29
196                <action android:name="com.google.android.c2dm.intent.RECEIVE" />
196-->[:firebase_messaging] AndroidManifest.xml:33:17-81
196-->[:firebase_messaging] AndroidManifest.xml:33:25-78
197            </intent-filter>
198        </receiver>
199
200        <provider
200-->[:firebase_messaging] AndroidManifest.xml:43:9-47:38
201            android:name="io.flutter.plugins.firebase.messaging.FlutterFirebaseMessagingInitProvider"
201-->[:firebase_messaging] AndroidManifest.xml:44:13-102
202            android:authorities="com.teletype.truckchat.flutterfirebasemessaginginitprovider"
202-->[:firebase_messaging] AndroidManifest.xml:45:13-88
203            android:exported="false"
203-->[:firebase_messaging] AndroidManifest.xml:46:13-37
204            android:initOrder="99" />
204-->[:firebase_messaging] AndroidManifest.xml:47:13-35
205
206        <service
206-->[:geolocator_android] AndroidManifest.xml:10:9-14:56
207            android:name="com.baseflow.geolocator.GeolocatorLocationService"
207-->[:geolocator_android] AndroidManifest.xml:11:13-77
208            android:enabled="true"
208-->[:geolocator_android] AndroidManifest.xml:12:13-35
209            android:exported="false"
209-->[:geolocator_android] AndroidManifest.xml:13:13-37
210            android:foregroundServiceType="location" />
210-->[:geolocator_android] AndroidManifest.xml:14:13-53
211
212        <provider
212-->[:image_picker_android] AndroidManifest.xml:10:9-18:20
213            android:name="io.flutter.plugins.imagepicker.ImagePickerFileProvider"
213-->[:image_picker_android] AndroidManifest.xml:11:13-82
214            android:authorities="com.teletype.truckchat.flutter.image_provider"
214-->[:image_picker_android] AndroidManifest.xml:12:13-74
215            android:exported="false"
215-->[:image_picker_android] AndroidManifest.xml:13:13-37
216            android:grantUriPermissions="true" >
216-->[:image_picker_android] AndroidManifest.xml:14:13-47
217            <meta-data
217-->[:image_picker_android] AndroidManifest.xml:15:13-17:75
218                android:name="android.support.FILE_PROVIDER_PATHS"
218-->[:image_picker_android] AndroidManifest.xml:16:17-67
219                android:resource="@xml/flutter_image_picker_file_paths" />
219-->[:image_picker_android] AndroidManifest.xml:17:17-72
220        </provider>
221
222        <receiver
222-->[:flutter_local_notifications] AndroidManifest.xml:16:9-18:40
223            android:name="com.dexterous.flutterlocalnotifications.ActionBroadcastReceiver"
223-->[:flutter_local_notifications] AndroidManifest.xml:17:13-91
224            android:exported="false" />
224-->[:flutter_local_notifications] AndroidManifest.xml:18:13-37
225        <receiver
225-->[:flutter_local_notifications] AndroidManifest.xml:19:9-21:40
226            android:name="com.dexterous.flutterlocalnotifications.ScheduledNotificationReceiver"
226-->[:flutter_local_notifications] AndroidManifest.xml:20:13-97
227            android:exported="false" />
227-->[:flutter_local_notifications] AndroidManifest.xml:21:13-37
228        <receiver
228-->[:flutter_local_notifications] AndroidManifest.xml:22:9-31:20
229            android:name="com.dexterous.flutterlocalnotifications.ScheduledNotificationBootReceiver"
229-->[:flutter_local_notifications] AndroidManifest.xml:23:13-101
230            android:exported="false" >
230-->[:flutter_local_notifications] AndroidManifest.xml:24:13-37
231            <intent-filter>
231-->[:flutter_local_notifications] AndroidManifest.xml:25:13-30:29
232                <action android:name="android.intent.action.BOOT_COMPLETED" />
232-->[:flutter_local_notifications] AndroidManifest.xml:26:17-79
232-->[:flutter_local_notifications] AndroidManifest.xml:26:25-76
233                <action android:name="android.intent.action.MY_PACKAGE_REPLACED" />
233-->[:flutter_local_notifications] AndroidManifest.xml:27:17-84
233-->[:flutter_local_notifications] AndroidManifest.xml:27:25-81
234                <action android:name="android.intent.action.QUICKBOOT_POWERON" />
234-->[:flutter_local_notifications] AndroidManifest.xml:28:17-82
234-->[:flutter_local_notifications] AndroidManifest.xml:28:25-79
235                <action android:name="com.htc.intent.action.QUICKBOOT_POWERON" />
235-->[:flutter_local_notifications] AndroidManifest.xml:29:17-82
235-->[:flutter_local_notifications] AndroidManifest.xml:29:25-79
236            </intent-filter>
237        </receiver>
238
239        <activity
239-->[:url_launcher_android] AndroidManifest.xml:10:9-13:74
240            android:name="io.flutter.plugins.urllauncher.WebViewActivity"
240-->[:url_launcher_android] AndroidManifest.xml:11:13-74
241            android:exported="false"
241-->[:url_launcher_android] AndroidManifest.xml:12:13-37
242            android:theme="@android:style/Theme.NoTitleBar.Fullscreen" />
242-->[:url_launcher_android] AndroidManifest.xml:13:13-71
243
244        <meta-data
244-->[:google_mobile_ads] AndroidManifest.xml:12:9-14:36
245            android:name="io.flutter.embedded_views_preview"
245-->[:google_mobile_ads] AndroidManifest.xml:13:13-61
246            android:value="true" />
246-->[:google_mobile_ads] AndroidManifest.xml:14:13-33
247
248        <activity
248-->[:flutter_inappwebview] AndroidManifest.xml:16:9-20:47
249            android:name="com.pichillilorenzo.flutter_inappwebview.in_app_browser.InAppBrowserActivity"
249-->[:flutter_inappwebview] AndroidManifest.xml:17:13-104
250            android:configChanges="orientation|keyboardHidden|keyboard|screenSize|locale|layoutDirection|fontScale|screenLayout|density"
250-->[:flutter_inappwebview] AndroidManifest.xml:18:13-137
251            android:exported="false"
251-->[:flutter_inappwebview] AndroidManifest.xml:19:13-37
252            android:theme="@style/AppTheme" />
252-->[:flutter_inappwebview] AndroidManifest.xml:20:13-44
253        <activity
253-->[:flutter_inappwebview] AndroidManifest.xml:21:9-24:55
254            android:name="com.pichillilorenzo.flutter_inappwebview.chrome_custom_tabs.ChromeCustomTabsActivity"
254-->[:flutter_inappwebview] AndroidManifest.xml:22:13-112
255            android:exported="false"
255-->[:flutter_inappwebview] AndroidManifest.xml:23:13-37
256            android:theme="@style/ThemeTransparent" />
256-->[:flutter_inappwebview] AndroidManifest.xml:24:13-52
257        <activity
257-->[:flutter_inappwebview] AndroidManifest.xml:25:9-28:55
258            android:name="com.pichillilorenzo.flutter_inappwebview.chrome_custom_tabs.TrustedWebActivity"
258-->[:flutter_inappwebview] AndroidManifest.xml:26:13-106
259            android:exported="false"
259-->[:flutter_inappwebview] AndroidManifest.xml:27:13-37
260            android:theme="@style/ThemeTransparent" />
260-->[:flutter_inappwebview] AndroidManifest.xml:28:13-52
261        <activity
261-->[:flutter_inappwebview] AndroidManifest.xml:29:9-33:55
262            android:name="com.pichillilorenzo.flutter_inappwebview.chrome_custom_tabs.ChromeCustomTabsActivitySingleInstance"
262-->[:flutter_inappwebview] AndroidManifest.xml:30:13-126
263            android:exported="false"
263-->[:flutter_inappwebview] AndroidManifest.xml:31:13-37
264            android:launchMode="singleInstance"
264-->[:flutter_inappwebview] AndroidManifest.xml:32:13-48
265            android:theme="@style/ThemeTransparent" />
265-->[:flutter_inappwebview] AndroidManifest.xml:33:13-52
266        <activity
266-->[:flutter_inappwebview] AndroidManifest.xml:34:9-38:55
267            android:name="com.pichillilorenzo.flutter_inappwebview.chrome_custom_tabs.TrustedWebActivitySingleInstance"
267-->[:flutter_inappwebview] AndroidManifest.xml:35:13-120
268            android:exported="false"
268-->[:flutter_inappwebview] AndroidManifest.xml:36:13-37
269            android:launchMode="singleInstance"
269-->[:flutter_inappwebview] AndroidManifest.xml:37:13-48
270            android:theme="@style/ThemeTransparent" />
270-->[:flutter_inappwebview] AndroidManifest.xml:38:13-52
271
272        <receiver
272-->[:flutter_inappwebview] AndroidManifest.xml:40:9-43:40
273            android:name="com.pichillilorenzo.flutter_inappwebview.chrome_custom_tabs.ActionBroadcastReceiver"
273-->[:flutter_inappwebview] AndroidManifest.xml:41:13-111
274            android:enabled="true"
274-->[:flutter_inappwebview] AndroidManifest.xml:42:13-35
275            android:exported="false" />
275-->[:flutter_inappwebview] AndroidManifest.xml:43:13-37
276
277        <activity
277-->[com.google.firebase:firebase-auth:22.1.0] AndroidManifest.xml:29:9-46:20
278            android:name="com.google.firebase.auth.internal.GenericIdpActivity"
278-->[com.google.firebase:firebase-auth:22.1.0] AndroidManifest.xml:30:13-80
279            android:excludeFromRecents="true"
279-->[com.google.firebase:firebase-auth:22.1.0] AndroidManifest.xml:31:13-46
280            android:exported="true"
280-->[com.google.firebase:firebase-auth:22.1.0] AndroidManifest.xml:32:13-36
281            android:launchMode="singleTask"
281-->[com.google.firebase:firebase-auth:22.1.0] AndroidManifest.xml:33:13-44